<?xml version="1.0" encoding="UTF-8"?>
<testng-results ignored="0" total="1" passed="1" failed="0" skipped="0">
  <reporter-output>
  </reporter-output>
  <suite started-at="2022-02-08T19:43:22 IST" name="Default suite" finished-at="2022-02-08T19:43:29 IST" duration-ms="7026">
    <groups>
    </groups>
    <test started-at="2022-02-08T19:43:22 IST" name="Default test" finished-at="2022-02-08T19:43:29 IST" duration-ms="7026">
      <class name="com.sauceDemo.TestClasses.TC01VerifyLoginFunctioanlity">
        <test-method is-config="true" signature="Setup()[pri:0, instance:com.sauceDemo.TestClasses.TC01VerifyLoginFunctioanlity@ffaa6af]" started-at="2022-02-08T19:43:22 IST" name="Setup" finished-at="2022-02-08T19:43:27 IST" duration-ms="5564" status="PASS">
          <reporter-output>
          </reporter-output>
        </test-method> <!-- Setup -->
        <test-method is-config="true" signature="login()[pri:0, instance:com.sauceDemo.TestClasses.TC01VerifyLoginFunctioanlity@ffaa6af]" started-at="2022-02-08T19:43:28 IST" name="login" finished-at="2022-02-08T19:43:28 IST" duration-ms="605" status="PASS">
          <reporter-output>
          </reporter-output>
        </test-method> <!-- login -->
        <test-method signature="verifyLogin()[pri:0, instance:com.sauceDemo.TestClasses.TC01VerifyLoginFunctioanlity@ffaa6af]" started-at="2022-02-08T19:43:28 IST" name="verifyLogin" finished-at="2022-02-08T19:43:28 IST" duration-ms="49" status="PASS">
          <reporter-output>
          </reporter-output>
        </test-method> <!-- verifyLogin -->
        <test-method is-config="true" signature="logout()[pri:0, instance:com.sauceDemo.TestClasses.TC01VerifyLoginFunctioanlity@ffaa6af]" started-at="2022-02-08T19:43:28 IST" name="logout" finished-at="2022-02-08T19:43:29 IST" duration-ms="324" status="PASS">
          <reporter-output>
          </reporter-output>
        </test-method> <!-- logout -->
        <test-method is-config="true" signature="teardown()[pri:0, instance:com.sauceDemo.TestClasses.TC01VerifyLoginFunctioanlity@ffaa6af]" started-at="2022-02-08T19:43:29 IST" name="teardown" finished-at="2022-02-08T19:43:29 IST" duration-ms="399" status="PASS">
          <reporter-output>
          </reporter-output>
        </test-method> <!-- teardown -->
      </class> <!-- com.sauceDemo.TestClasses.TC01VerifyLoginFunctioanlity -->
    </test> <!-- Default test -->
  </suite> <!-- Default suite -->
</testng-results>
