<?xml version="1.0" encoding="UTF-8"?>
<!-- Generated by org.testng.reporters.JUnitXMLReporter -->
<testsuite ignored="8" hostname="DESKTOP-NTEESA4" failures="0" tests="5" name="Test" time="37.562" errors="0" timestamp="2022-02-08T12:12:45 IST">
  <testcase classname="com.sauceDemo.TestClasses.TC03VerifyLogoutFunctionality" name="verifyLogOut" time="0.026"/>
  <testcase classname="com.sauceDemo.TestClasses.TC02VerifyAddToCartFUnctionality" name="VerifyAddToCart" time="5.111"/>
  <testcase classname="com.sauceDemo.TestClasses.TC01VerifyLoginFunctioanlity" name="verifyLogin" time="0.225"/>
  <testcase classname="com.sauceDemo.TestClasses.TC04Verifywhetherweareabletobuytheproductornot" name="buyProduct" time="15.713"/>
  <testcase classname="com.sauceDemo.TestClasses.TC07Verifywhetherweareabletoapplythefilter" name="applyFilter" time="7.331"/>
  <testcase classname="com.sauceDemo.TestClasses.BaseClass" name="@AfterTest teardown" time="0.0">
    <ignored/>
  </testcase> <!-- @AfterTest teardown -->
  <testcase classname="com.sauceDemo.TestClasses.BaseClass" name="@AfterTest teardown" time="0.0">
    <ignored/>
  </testcase> <!-- @AfterTest teardown -->
  <testcase classname="com.sauceDemo.TestClasses.BaseClass" name="@AfterTest teardown" time="0.0">
    <ignored/>
  </testcase> <!-- @AfterTest teardown -->
  <testcase classname="com.sauceDemo.TestClasses.BaseClass" name="@AfterTest teardown" time="0.0">
    <ignored/>
  </testcase> <!-- @AfterTest teardown -->
  <testcase classname="com.sauceDemo.TestClasses.BaseClass" name="@BeforeTest Setup" time="0.0">
    <ignored/>
  </testcase> <!-- @BeforeTest Setup -->
  <testcase classname="com.sauceDemo.TestClasses.BaseClass" name="@BeforeTest Setup" time="0.0">
    <ignored/>
  </testcase> <!-- @BeforeTest Setup -->
  <testcase classname="com.sauceDemo.TestClasses.BaseClass" name="@BeforeTest Setup" time="0.0">
    <ignored/>
  </testcase> <!-- @BeforeTest Setup -->
  <testcase classname="com.sauceDemo.TestClasses.BaseClass" name="@BeforeTest Setup" time="0.0">
    <ignored/>
  </testcase> <!-- @BeforeTest Setup -->
</testsuite> <!-- Test -->
